action: GLOB, msg: packaging
cwd: /home/andresmazzo/Code/me/libfa-py
cmd: /home/andresmazzo/.virtualenvs/libfa-py/bin/python3 setup.py sdist --formats=zip --dist-dir .tox/dist
running sdist
running egg_info
writing libfa_py.egg-info/PKG-INFO
writing dependency_links to libfa_py.egg-info/dependency_links.txt
writing top-level names to libfa_py.egg-info/top_level.txt
reading manifest file 'libfa_py.egg-info/SOURCES.txt'
writing manifest file 'libfa_py.egg-info/SOURCES.txt'
running check
creating libfa-py-0.1
creating libfa-py-0.1/libfa_py.egg-info
copying files to libfa-py-0.1...
copying README.md -> libfa-py-0.1
copying setup.cfg -> libfa-py-0.1
copying setup.py -> libfa-py-0.1
copying libfa_py.egg-info/PKG-INFO -> libfa-py-0.1/libfa_py.egg-info
copying libfa_py.egg-info/SOURCES.txt -> libfa-py-0.1/libfa_py.egg-info
copying libfa_py.egg-info/dependency_links.txt -> libfa-py-0.1/libfa_py.egg-info
copying libfa_py.egg-info/not-zip-safe -> libfa-py-0.1/libfa_py.egg-info
copying libfa_py.egg-info/top_level.txt -> libfa-py-0.1/libfa_py.egg-info
Writing libfa-py-0.1/setup.cfg
creating '.tox/dist/libfa-py-0.1.zip' and adding 'libfa-py-0.1' to it
adding 'libfa-py-0.1/README.md'
adding 'libfa-py-0.1/setup.cfg'
adding 'libfa-py-0.1/setup.py'
adding 'libfa-py-0.1/PKG-INFO'
adding 'libfa-py-0.1/libfa_py.egg-info/PKG-INFO'
adding 'libfa-py-0.1/libfa_py.egg-info/SOURCES.txt'
adding 'libfa-py-0.1/libfa_py.egg-info/dependency_links.txt'
adding 'libfa-py-0.1/libfa_py.egg-info/not-zip-safe'
adding 'libfa-py-0.1/libfa_py.egg-info/top_level.txt'
removing 'libfa-py-0.1' (and everything under it)
